0 info it worked if it ends with ok
1 verbose cli [ 'C:\\Program Files\\nodejs\\node.exe',
1 verbose cli   'C:\\Program Files\\nodejs\\node_modules\\npm\\bin\\npm-cli.js',
1 verbose cli   'install',
1 verbose cli   'cookie' ]
2 info using npm@3.10.8
3 info using node@v6.9.1
4 silly loadCurrentTree Starting
5 silly install loadCurrentTree
6 silly install readLocalPackageData
7 silly fetchPackageMetaData cookie
8 silly fetchNamedPackageData cookie
9 silly mapToRegistry name cookie
10 silly mapToRegistry using default registry
11 silly mapToRegistry registry https://registry.npmjs.org/
12 silly mapToRegistry data Result {
12 silly mapToRegistry   raw: 'cookie',
12 silly mapToRegistry   scope: null,
12 silly mapToRegistry   escapedName: 'cookie',
12 silly mapToRegistry   name: 'cookie',
12 silly mapToRegistry   rawSpec: '',
12 silly mapToRegistry   spec: 'latest',
12 silly mapToRegistry   type: 'tag' }
13 silly mapToRegistry uri https://registry.npmjs.org/cookie
14 verbose request uri https://registry.npmjs.org/cookie
15 verbose request no auth needed
16 info attempt registry request try #1 at 4:39:42 PM
17 verbose request id a7c797e8779ee070
18 verbose etag W/"58490118-8062"
19 verbose lastModified Thu, 08 Dec 2016 06:43:36 GMT
20 http request GET https://registry.npmjs.org/cookie
21 http 304 https://registry.npmjs.org/cookie
22 verbose headers { date: 'Thu, 15 Dec 2016 21:39:40 GMT',
22 verbose headers   via: '1.1 varnish',
22 verbose headers   'cache-control': 'max-age=300',
22 verbose headers   etag: 'W/"58490118-8062"',
22 verbose headers   age: '9',
22 verbose headers   connection: 'keep-alive',
22 verbose headers   'x-served-by': 'cache-iad2125-IAD',
22 verbose headers   'x-cache': 'HIT',
22 verbose headers   'x-cache-hits': '1',
22 verbose headers   'x-timer': 'S1481837980.643715,VS0,VE0',
22 verbose headers   vary: 'Accept-Encoding' }
23 silly get cb [ 304,
23 silly get   { date: 'Thu, 15 Dec 2016 21:39:40 GMT',
23 silly get     via: '1.1 varnish',
23 silly get     'cache-control': 'max-age=300',
23 silly get     etag: 'W/"58490118-8062"',
23 silly get     age: '9',
23 silly get     connection: 'keep-alive',
23 silly get     'x-served-by': 'cache-iad2125-IAD',
23 silly get     'x-cache': 'HIT',
23 silly get     'x-cache-hits': '1',
23 silly get     'x-timer': 'S1481837980.643715,VS0,VE0',
23 silly get     vary: 'Accept-Encoding' } ]
24 verbose etag https://registry.npmjs.org/cookie from cache
25 verbose get saving cookie to C:\Users\Sebastian\AppData\Roaming\npm-cache\registry.npmjs.org\cookie\.cache.json
26 verbose correctMkdir C:\Users\Sebastian\AppData\Roaming\npm-cache correctMkdir not in flight; initializing
27 silly install normalizeTree
28 silly loadCurrentTree Finishing
29 silly loadIdealTree Starting
30 silly install loadIdealTree
31 silly cloneCurrentTree Starting
32 silly install cloneCurrentTreeToIdealTree
33 silly cloneCurrentTree Finishing
34 silly loadShrinkwrap Starting
35 silly install loadShrinkwrap
36 silly loadShrinkwrap Finishing
37 silly loadAllDepsIntoIdealTree Starting
38 silly install loadAllDepsIntoIdealTree
39 silly resolveWithNewModule cookie@0.3.1 checking installable status
40 silly cache add args [ 'cookie', null ]
41 verbose cache add spec cookie
42 silly cache add parsed spec Result {
42 silly cache add   raw: 'cookie',
42 silly cache add   scope: null,
42 silly cache add   escapedName: 'cookie',
42 silly cache add   name: 'cookie',
42 silly cache add   rawSpec: '',
42 silly cache add   spec: 'latest',
42 silly cache add   type: 'tag' }
43 silly addNamed cookie@latest
44 verbose addNamed "latest" is being treated as a dist-tag for cookie
45 info addNameTag [ 'cookie', 'latest' ]
46 silly mapToRegistry name cookie
47 silly mapToRegistry using default registry
48 silly mapToRegistry registry https://registry.npmjs.org/
49 silly mapToRegistry data Result {
49 silly mapToRegistry   raw: 'cookie',
49 silly mapToRegistry   scope: null,
49 silly mapToRegistry   escapedName: 'cookie',
49 silly mapToRegistry   name: 'cookie',
49 silly mapToRegistry   rawSpec: '',
49 silly mapToRegistry   spec: 'latest',
49 silly mapToRegistry   type: 'tag' }
50 silly mapToRegistry uri https://registry.npmjs.org/cookie
51 verbose addNameTag registry:https://registry.npmjs.org/cookie not in flight; fetching
52 verbose get https://registry.npmjs.org/cookie not expired, no request
53 silly addNameTag next cb for cookie with tag latest
54 silly addNamed cookie@0.3.1
55 verbose addNamed "0.3.1" is a plain semver version for cookie
56 silly cache afterAdd cookie@0.3.1
57 verbose afterAdd C:\Users\Sebastian\AppData\Roaming\npm-cache\cookie\0.3.1\package\package.json not in flight; writing
58 verbose correctMkdir C:\Users\Sebastian\AppData\Roaming\npm-cache correctMkdir not in flight; initializing
59 verbose afterAdd C:\Users\Sebastian\AppData\Roaming\npm-cache\cookie\0.3.1\package\package.json written
60 silly loadAllDepsIntoIdealTree Finishing
61 silly loadIdealTree Finishing
62 silly currentTree cs4241-a7_8-scybot@0.0.1
62 silly currentTree +-- base64-url@1.3.3
62 silly currentTree +-- cookie-signature@1.0.6
62 silly currentTree +-- cookie@0.3.1
62 silly currentTree +-- csrf@3.0.4
62 silly currentTree +-- csurf@1.9.0
62 silly currentTree +-- http-errors@1.5.1
62 silly currentTree +-- inherits@2.0.3
62 silly currentTree +-- random-bytes@1.0.0
62 silly currentTree +-- rndm@1.2.0
62 silly currentTree +-- setprototypeof@1.0.2
62 silly currentTree +-- statuses@1.3.1
62 silly currentTree +-- tsscmp@1.0.5
62 silly currentTree `-- uid-safe@2.1.3
63 silly idealTree cs4241-a7_8-scybot@0.0.1
63 silly idealTree +-- base64-url@1.3.3
63 silly idealTree +-- cookie-signature@1.0.6
63 silly idealTree +-- cookie@0.3.1
63 silly idealTree +-- csrf@3.0.4
63 silly idealTree +-- csurf@1.9.0
63 silly idealTree +-- http-errors@1.5.1
63 silly idealTree +-- inherits@2.0.3
63 silly idealTree +-- random-bytes@1.0.0
63 silly idealTree +-- rndm@1.2.0
63 silly idealTree +-- setprototypeof@1.0.2
63 silly idealTree +-- statuses@1.3.1
63 silly idealTree +-- tsscmp@1.0.5
63 silly idealTree `-- uid-safe@2.1.3
64 silly generateActionsToTake Starting
65 silly install generateActionsToTake
66 warn checkPermissions Missing write access to C:\Users\Sebastian\desktop\A7-Sessions\node_modules\cookie
67 silly rollbackFailedOptional Starting
68 silly rollbackFailedOptional Finishing
69 silly runTopLevelLifecycles Finishing
70 silly install printInstalled
71 verbose stack Error: ENOENT: no such file or directory, access 'C:\Users\Sebastian\desktop\A7-Sessions\node_modules\cookie'
71 verbose stack     at Error (native)
72 verbose cwd C:\Users\Sebastian\desktop\A7-Sessions
73 error Windows_NT 10.0.14393
74 error argv "C:\\Program Files\\nodejs\\node.exe" "C:\\Program Files\\nodejs\\node_modules\\npm\\bin\\npm-cli.js" "install" "cookie"
75 error node v6.9.1
76 error npm  v3.10.8
77 error path C:\Users\Sebastian\desktop\A7-Sessions\node_modules\cookie
78 error code ENOENT
79 error errno -4058
80 error syscall access
81 error enoent ENOENT: no such file or directory, access 'C:\Users\Sebastian\desktop\A7-Sessions\node_modules\cookie'
82 error enoent ENOENT: no such file or directory, access 'C:\Users\Sebastian\desktop\A7-Sessions\node_modules\cookie'
82 error enoent This is most likely not a problem with npm itself
82 error enoent and is related to npm not being able to find a file.
83 verbose exit [ -4058, true ]
